{"level":"info","message":"Received request to book consultation for patient ID 2","timestamp":"2025-03-30T16:44:34.987Z"}
{"level":"info","message":"Booking consultation for patient 2 on 2025-03-31 at 10:00 AM","timestamp":"2025-03-30T16:44:34.988Z"}
{"level":"warn","message":"No verified providers available for specialization: General Medicine","timestamp":"2025-03-30T16:44:35.002Z"}
{"level":"error","message":"Error booking consultation: No verified providers available","timestamp":"2025-03-30T16:44:35.003Z"}
{"level":"error","message":"Error in booking consultation: No verified providers available","timestamp":"2025-03-30T16:44:35.003Z"}
{"level":"info","message":"Received request to book consultation for patient ID 1","timestamp":"2025-03-30T16:46:31.005Z"}
{"level":"info","message":"Booking consultation for patient 1 on 2025-03-31 at 10:00 AM","timestamp":"2025-03-30T16:46:31.005Z"}
{"level":"info","message":"✅ Email sent to akshajbabu21@gmail.com","timestamp":"2025-03-30T16:46:36.212Z"}
{"level":"info","message":"Consultation booked successfully for patient 1","timestamp":"2025-03-30T16:46:36.212Z"}
{"level":"info","message":"Received request to send consultation reminders.","timestamp":"2025-03-30T16:47:35.047Z"}
{"level":"info","message":"No upcoming consultations for tomorrow.","timestamp":"2025-03-30T16:47:35.056Z"}
{"level":"info","message":"Received request to send consultation reminders.","timestamp":"2025-03-30T16:53:58.993Z"}
{"level":"info","message":"No upcoming consultations for tomorrow.","timestamp":"2025-03-30T16:53:59.007Z"}
{"level":"info","message":"Received request to send consultation reminders.","timestamp":"2025-03-30T16:59:50.420Z"}
{"level":"info","message":"✅ Email sent to akshajalves22@gmail.com","timestamp":"2025-03-30T16:59:54.949Z"}
{"level":"info","message":"✅ Email sent to akshajbabu21@gmail.com","timestamp":"2025-03-30T16:59:59.045Z"}
{"level":"error","message":"Error sending reminders: res is not defined","timestamp":"2025-03-30T16:59:59.046Z"}
{"level":"error","message":"Error in sending consultation reminders: res is not defined","timestamp":"2025-03-30T16:59:59.048Z"}
{"level":"info","message":"Received request to send consultation reminders.","timestamp":"2025-03-30T17:03:27.464Z"}
{"level":"info","message":"✅ Email sent to akshajalves22@gmail.com","timestamp":"2025-03-30T17:03:31.217Z"}
{"level":"info","message":"✅ Email sent to akshajbabu21@gmail.com","timestamp":"2025-03-30T17:03:34.566Z"}
{"level":"info","message":"Received request to reschedule consultation ID: 7","timestamp":"2025-03-30T17:05:24.702Z"}
{"level":"info","message":"✅ Email sent to akshajbabu21@gmail.com","timestamp":"2025-03-30T17:05:29.383Z"}
{"level":"info","message":"Reschedule notification sent to Dr. John Doe","timestamp":"2025-03-30T17:05:29.383Z"}
{"level":"info","message":"Request received to delete consultation ID 6","timestamp":"2025-03-30T17:06:40.776Z"}
{"level":"info","message":"✅ Email sent to akshajalves22@gmail.com","timestamp":"2025-03-30T17:06:45.361Z"}
{"level":"info","message":"Consultation ID 6 deleted successfully.","timestamp":"2025-03-30T17:06:45.362Z"}
{"level":"info","message":"Received request to mark consultation 7 as missed","timestamp":"2025-03-30T17:07:26.033Z"}
{"level":"info","message":"✅ Email sent to akshajbabu21@gmail.com","timestamp":"2025-03-30T17:07:29.598Z"}
{"level":"info","message":"Missed consultation notification sent to Dr. John Doe","timestamp":"2025-03-30T17:07:29.598Z"}
{"level":"info","message":"Received request to update consultation ID 7 to completed.","timestamp":"2025-03-30T17:08:40.734Z"}
{"level":"info","message":"Consultation ID 7 marked as completed.","timestamp":"2025-03-30T17:08:40.752Z"}
{"level":"info","message":"Fetching consultation summary for provider ID 1 on 2025-04-01","timestamp":"2025-03-30T17:11:48.890Z"}
{"level":"info","message":"✅ Email sent to akshajbabu21@gmail.com","timestamp":"2025-03-30T17:11:53.581Z"}
{"level":"info","message":"Consultation summary sent to provider ID 1 for 2025-04-01","timestamp":"2025-03-30T17:11:53.582Z"}
{"level":"info","message":"Received document upload request for consultation 7","timestamp":"2025-03-30T17:15:31.193Z"}
{"level":"info","message":"✅ Email sent to akshajbabu21@gmail.com","timestamp":"2025-03-30T17:15:38.143Z"}
{"level":"info","message":"Notification sent to Dr. John Doe for document upload.","timestamp":"2025-03-30T17:15:38.144Z"}
{"level":"info","message":"✅ Email sent to emily.davis@example.com","timestamp":"2025-03-31T05:14:35.921Z"}
{"level":"info","message":"✅ Email sent to emily.davis@example.com","timestamp":"2025-03-31T05:28:38.253Z"}
{"level":"info","message":"✅ Email sent to emily.davis@example.com","timestamp":"2025-03-31T05:32:54.050Z"}
{"level":"info","message":"✅ Email sent to emily.davis@example.com","timestamp":"2025-03-31T05:39:46.522Z"}
{"level":"info","message":"✅ Email sent to emily.davis@example.com","timestamp":"2025-03-31T05:55:01.237Z"}
{"level":"info","message":"✅ Email sent to emily.davis@example.com","timestamp":"2025-03-31T06:09:08.860Z"}
{"level":"info","message":"✅ Email sent to akshajbabu21@gmail.com","timestamp":"2025-03-31T11:24:38.096Z"}
{"level":"info","message":"✅ Email sent to akshajbabu21@gmail.com","timestamp":"2025-03-31T11:25:46.649Z"}
{"level":"info","message":"✅ Email sent to akshajbabu21@gmail.com","timestamp":"2025-03-31T11:26:15.111Z"}
{"level":"info","message":"✅ Email sent to akshajbabu21@gmail.com","timestamp":"2025-03-31T11:28:52.570Z"}
{"level":"info","message":"✅ Email sent to akshajalves22@gmail.com","timestamp":"2025-03-31T11:28:56.349Z"}
{"level":"info","message":"✅ Email sent to akshajbabu514@gmail.com","timestamp":"2025-03-31T11:29:00.146Z"}
{"level":"info","message":"✅ Email sent to sarah.johnson@example.com","timestamp":"2025-03-31T11:29:04.241Z"}
{"level":"info","message":"✅ Email sent to michael.brown@example.com","timestamp":"2025-03-31T11:29:08.350Z"}
{"level":"info","message":"✅ Email sent to emily.davis@example.com","timestamp":"2025-03-31T11:29:11.825Z"}
{"level":"info","message":"Received request to book consultation for patient ID 1","timestamp":"2025-04-01T03:29:19.707Z"}
{"level":"info","message":"Booking consultation for patient 1 on 2025-04-02 at 10:00 AM","timestamp":"2025-04-01T03:29:19.711Z"}
{"level":"info","message":"✅ Email sent to akshajbabu21@gmail.com","timestamp":"2025-04-01T03:29:25.328Z"}
{"level":"info","message":"Consultation booked successfully for patient 1","timestamp":"2025-04-01T03:29:25.329Z"}
{"level":"info","message":"Request received to delete consultation ID 1","timestamp":"2025-04-01T03:30:15.155Z"}
{"level":"info","message":"✅ Email sent to akshajbabu21@gmail.com","timestamp":"2025-04-01T03:30:19.393Z"}
{"level":"info","message":"Consultation ID 1 deleted successfully.","timestamp":"2025-04-01T03:30:19.394Z"}
{"level":"info","message":"Received request to book consultation for patient ID 1","timestamp":"2025-04-01T05:13:37.928Z"}
{"level":"info","message":"Booking consultation for patient 1 on 2025-04-02 at 10:00 AM","timestamp":"2025-04-01T05:13:37.929Z"}
{"level":"info","message":"✅ Email sent to akshajbabu21@gmail.com","timestamp":"2025-04-01T05:13:41.612Z"}
{"level":"info","message":"Consultation booked successfully for patient 1","timestamp":"2025-04-01T05:13:41.612Z"}
{"level":"info","message":"✅ Email sent to akshajbabu21@gmail.com","timestamp":"2025-04-01T05:15:49.609Z"}
{"level":"info","message":"✅ Email sent to akshajalves22@gmail.com","timestamp":"2025-04-01T05:15:52.951Z"}
{"level":"info","message":"✅ Email sent to akshajbabu514@gmail.com","timestamp":"2025-04-01T05:15:58.185Z"}
{"level":"info","message":"✅ Email sent to emily.davis@example.com","timestamp":"2025-04-01T05:16:01.549Z"}
{"level":"info","message":"✅ Email sent to daniel.wilson@example.com","timestamp":"2025-04-01T05:16:04.754Z"}
{"level":"info","message":"✅ Email sent to sophia.martinez@example.com","timestamp":"2025-04-01T05:16:07.893Z"}
